Jshareexample/build/outputs/logs/manifest-merger-debug-report.txt
-- Merging decision tree log ---
manifest
ADDED from MootCourt\Jshareexample\AndroidManifest.xml:2:1-114:12
	package
		ADDED from MootCourt\Jshareexample\AndroidManifest.xml:5:5-36
	android:versionName
		ADDED from MootCourt\Jshareexample\AndroidManifest.xml:4:5-32
		INJECTED from MootCourt\Jshareexample\AndroidManifest.xml
		INJECTED from MootCourt\Jshareexample\AndroidManifest.xml
	android:versionCode
		ADDED from MootCourt\Jshareexample\AndroidManifest.xml:3:5-30
		INJECTED from MootCourt\Jshareexample\AndroidManifest.xml
		INJECTED from MootCourt\Jshareexample\AndroidManifest.xml
	xmlns:android
		ADDED from MootCourt\Jshareexample\AndroidManifest.xml:2:11-69
uses-sdk
ADDED from MootCourt\Jshareexample\AndroidManifest.xml:7:5-73
	android:targetSdkVersion
		ADDED from MootCourt\Jshareexample\AndroidManifest.xml:7:41-70
	android:minSdkVersion
		ADDED from MootCourt\Jshareexample\AndroidManifest.xml:7:15-40
uses-permission#android.permission.RECEIVE_USER_PRESENT
ADDED from MootCourt\Jshareexample\AndroidManifest.xml:9:5-79
	android:name
		ADDED from MootCourt\Jshareexample\AndroidManifest.xml:9:22-76
uses-permission#android.permission.INTERNET
ADDED from MootCourt\Jshareexample\AndroidManifest.xml:10:5-67
	android:name
		ADDED from MootCourt\Jshareexample\AndroidManifest.xml:10:22-64
uses-permission#android.permission.WAKE_LOCK
ADDED from MootCourt\Jshareexample\AndroidManifest.xml:11:5-68
	android:name
		ADDED from MootCourt\Jshareexample\AndroidManifest.xml:11:22-65
uses-permission#android.permission.READ_PHONE_STATE
ADDED from MootCourt\Jshareexample\AndroidManifest.xml:12:5-75
	android:name
		ADDED from MootCourt\Jshareexample\AndroidManifest.xml:12:22-72
uses-permission#android.permission.WRITE_EXTERNAL_STORAGE
ADDED from MootCourt\Jshareexample\AndroidManifest.xml:13:5-81
	android:name
		ADDED from MootCourt\Jshareexample\AndroidManifest.xml:13:22-78
uses-permission#android.permission.READ_EXTERNAL_STORAGE
ADDED from MootCourt\Jshareexample\AndroidManifest.xml:14:5-80
	android:name
		ADDED from MootCourt\Jshareexample\AndroidManifest.xml:14:22-77
uses-permission#android.permission.VIBRATE
ADDED from MootCourt\Jshareexample\AndroidManifest.xml:15:5-66
	android:name
		ADDED from MootCourt\Jshareexample\AndroidManifest.xml:15:22-63
uses-permission#android.permission.MOUNT_UNMOUNT_FILESYSTEMS
ADDED from MootCourt\Jshareexample\AndroidManifest.xml:16:5-84
	android:name
		ADDED from MootCourt\Jshareexample\AndroidManifest.xml:16:22-81
uses-permission#android.permission.ACCESS_NETWORK_STATE
ADDED from MootCourt\Jshareexample\AndroidManifest.xml:17:5-79
	android:name
		ADDED from MootCourt\Jshareexample\AndroidManifest.xml:17:22-76
uses-permission#android.permission.WRITE_SETTINGS
ADDED from MootCourt\Jshareexample\AndroidManifest.xml:18:5-73
	android:name
		ADDED from MootCourt\Jshareexample\AndroidManifest.xml:18:22-70
uses-permission#android.permission.ACCESS_WIFI_STATE
ADDED from MootCourt\Jshareexample\AndroidManifest.xml:19:5-76
	android:name
		ADDED from MootCourt\Jshareexample\AndroidManifest.xml:19:22-73
uses-permission#android.permission.SYSTEM_ALERT_WINDOW
ADDED from MootCourt\Jshareexample\AndroidManifest.xml:21:5-78
	android:name
		ADDED from MootCourt\Jshareexample\AndroidManifest.xml:21:22-75
uses-permission#android.permission.ACCESS_COARSE_LOCATION
ADDED from MootCourt\Jshareexample\AndroidManifest.xml:22:5-81
	android:name
		ADDED from MootCourt\Jshareexample\AndroidManifest.xml:22:22-78
uses-permission#android.permission.CHANGE_WIFI_STATE
ADDED from MootCourt\Jshareexample\AndroidManifest.xml:23:5-76
	android:name
		ADDED from MootCourt\Jshareexample\AndroidManifest.xml:23:22-73
uses-permission#android.permission.ACCESS_FINE_LOCATION
ADDED from MootCourt\Jshareexample\AndroidManifest.xml:24:5-79
	android:name
		ADDED from MootCourt\Jshareexample\AndroidManifest.xml:24:22-76
uses-permission#android.permission.ACCESS_LOCATION_EXTRA_COMMANDS
ADDED from MootCourt\Jshareexample\AndroidManifest.xml:25:5-89
	android:name
		ADDED from MootCourt\Jshareexample\AndroidManifest.xml:25:22-86
uses-permission#android.permission.CHANGE_NETWORK_STATE
ADDED from MootCourt\Jshareexample\AndroidManifest.xml:26:5-79
	android:name
		ADDED from MootCourt\Jshareexample\AndroidManifest.xml:26:22-76
uses-permission#android.permission.GET_TASKS
ADDED from MootCourt\Jshareexample\AndroidManifest.xml:27:5-68
	android:name
		ADDED from MootCourt\Jshareexample\AndroidManifest.xml:27:22-65
application
ADDED from MootCourt\Jshareexample\AndroidManifest.xml:28:5-113:19
	android:label
		ADDED from MootCourt\Jshareexample\AndroidManifest.xml:32:9-41
	android:supportsRtl
		ADDED from MootCourt\Jshareexample\AndroidManifest.xml:34:9-35
	android:allowBackup
		ADDED from MootCourt\Jshareexample\AndroidManifest.xml:30:9-35
	android:icon
		ADDED from MootCourt\Jshareexample\AndroidManifest.xml:31:9-46
	android:theme
		ADDED from MootCourt\Jshareexample\AndroidManifest.xml:33:9-40
	android:name
		ADDED from MootCourt\Jshareexample\AndroidManifest.xml:29:9-38
activity#cn.jiguang.share.demo.MainActivity
ADDED from MootCourt\Jshareexample\AndroidManifest.xml:36:9-41:20
	android:name
		ADDED from MootCourt\Jshareexample\AndroidManifest.xml:36:19-47
intent-filter#android.intent.action.MAIN+android.intent.category.LAUNCHER
ADDED from MootCourt\Jshareexample\AndroidManifest.xml:37:13-40:29
action#android.intent.action.MAIN
ADDED from MootCourt\Jshareexample\AndroidManifest.xml:38:17-69
	android:name
		ADDED from MootCourt\Jshareexample\AndroidManifest.xml:38:25-66
category#android.intent.category.LAUNCHER
ADDED from MootCourt\Jshareexample\AndroidManifest.xml:39:17-77
	android:name
		ADDED from MootCourt\Jshareexample\AndroidManifest.xml:39:27-74
activity#cn.jiguang.share.demo.SelectPlatActivity
ADDED from MootCourt\Jshareexample\AndroidManifest.xml:42:9-55
	android:name
		ADDED from MootCourt\Jshareexample\AndroidManifest.xml:42:19-53
activity#cn.jiguang.share.demo.ShareTypeActivity
ADDED from MootCourt\Jshareexample\AndroidManifest.xml:43:9-54
	android:name
		ADDED from MootCourt\Jshareexample\AndroidManifest.xml:43:19-52
activity#cn.jiguang.share.android.ui.JiguangShellActivity
ADDED from MootCourt\Jshareexample\AndroidManifest.xml:45:9-73:20
	android:launchMode
		ADDED from MootCourt\Jshareexample\AndroidManifest.xml:48:13-44
	android:exported
		ADDED from MootCourt\Jshareexample\AndroidManifest.xml:47:13-36
	android:windowSoftInputMode
		ADDED from MootCourt\Jshareexample\AndroidManifest.xml:50:13-67
	android:theme
		ADDED from MootCourt\Jshareexample\AndroidManifest.xml:49:13-72
	android:name
		ADDED from MootCourt\Jshareexample\AndroidManifest.xml:46:13-76
intent-filter#android.intent.action.VIEW+android.intent.category.BROWSABLE+android.intent.category.DEFAULT
ADDED from MootCourt\Jshareexample\AndroidManifest.xml:53:13-58:29
data
ADDED from MootCourt\Jshareexample\AndroidManifest.xml:54:17-60
	android:scheme
		ADDED from MootCourt\Jshareexample\AndroidManifest.xml:54:23-57
action#android.intent.action.VIEW
ADDED from MootCourt\Jshareexample\AndroidManifest.xml:55:17-69
	android:name
		ADDED from MootCourt\Jshareexample\AndroidManifest.xml:55:25-66
category#android.intent.category.BROWSABLE
ADDED from MootCourt\Jshareexample\AndroidManifest.xml:56:17-78
	android:name
		ADDED from MootCourt\Jshareexample\AndroidManifest.xml:56:27-75
category#android.intent.category.DEFAULT
ADDED from MootCourt\Jshareexample\AndroidManifest.xml:57:17-76
	android:name
		ADDED from MootCourt\Jshareexample\AndroidManifest.xml:57:27-73
intent-filter#android.intent.category.DEFAULT+com.sina.weibo.sdk.action.ACTION_SDK_REQ_ACTIVITY
ADDED from MootCourt\Jshareexample\AndroidManifest.xml:61:13-64:29
action#com.sina.weibo.sdk.action.ACTION_SDK_REQ_ACTIVITY
ADDED from MootCourt\Jshareexample\AndroidManifest.xml:62:17-92
	android:name
		ADDED from MootCourt\Jshareexample\AndroidManifest.xml:62:25-89
activity#cn.jiguang.share.demo.wxapi.WXEntryActivity
ADDED from MootCourt\Jshareexample\AndroidManifest.xml:75:9-78:39
	android:exported
		ADDED from MootCourt\Jshareexample\AndroidManifest.xml:78:13-36
	android:theme
		ADDED from MootCourt\Jshareexample\AndroidManifest.xml:77:13-72
	android:name
		ADDED from MootCourt\Jshareexample\AndroidManifest.xml:76:13-50
provider#cn.jiguang.share.facebook.FacebookContentProvider
ADDED from MootCourt\Jshareexample\AndroidManifest.xml:81:9-85:15
	android:authorities
		ADDED from MootCourt\Jshareexample\AndroidManifest.xml:82:13-91
	android:exported
		ADDED from MootCourt\Jshareexample\AndroidManifest.xml:84:13-36
	android:name
		ADDED from MootCourt\Jshareexample\AndroidManifest.xml:83:13-77
receiver#cn.jiguang.share.demo.FaceBookUploadReceiver
ADDED from MootCourt\Jshareexample\AndroidManifest.xml:88:9-92:20
	android:name
		ADDED from MootCourt\Jshareexample\AndroidManifest.xml:88:19-78
intent-filter#com.facebook.platform.AppCallResultBroadcast
ADDED from MootCourt\Jshareexample\AndroidManifest.xml:89:13-91:29
action#com.facebook.platform.AppCallResultBroadcast
ADDED from MootCourt\Jshareexample\AndroidManifest.xml:90:17-87
	android:name
		ADDED from MootCourt\Jshareexample\AndroidManifest.xml:90:25-84
activity#cn.jiguang.share.demo.plugin.JChatProCallbackActivity
ADDED from MootCourt\Jshareexample\AndroidManifest.xml:95:9-98:15
	android:exported
		ADDED from MootCourt\Jshareexample\AndroidManifest.xml:96:13-36
	android:theme
		ADDED from MootCourt\Jshareexample\AndroidManifest.xml:97:13-72
	android:name
		ADDED from MootCourt\Jshareexample\AndroidManifest.xml:95:19-87
meta-data#JPUSH_CHANNEL
ADDED from MootCourt\Jshareexample\AndroidManifest.xml:106:9-108:49
	android:value
		ADDED from MootCourt\Jshareexample\AndroidManifest.xml:108:13-46
	android:name
		ADDED from MootCourt\Jshareexample\AndroidManifest.xml:107:13-41
meta-data#JPUSH_APPKEY
ADDED from MootCourt\Jshareexample\AndroidManifest.xml:110:9-112:56
	android:value
		ADDED from MootCourt\Jshareexample\AndroidManifest.xml:112:13-53
	android:name
		ADDED from MootCourt\Jshareexample\AndroidManifest.xml:111:13-40